Using pre-set license
Built from '2021.3/staging' branch; Version is '2021.3.7f1 (24e8595d6d43) revision 2418777'; Using compiler version '192829333'; Build Type 'Release'
OS: 'Windows 10  (10.0.19042) 64bit Enterprise' Language: 'ru' Physical Memory: 14269 MB
BatchMode: 1, IsHumanControllingUs: 0, StartBugReporterOnCrash: 0, Is64bit: 1, IsPro: 1

COMMAND LINE ARGUMENTS:
D:\Programs\Unity\Editor\Unity.exe
-adb2
-batchMode
-noUpm
-name
AssetImportWorker0
-projectPath
D:/Programs/Unity/Game/Projects/My project
-logFile
Logs/AssetImportWorker0.log
-srvPort
64149
Successfully changed project path to: D:/Programs/Unity/Game/Projects/My project
D:/Programs/Unity/Game/Projects/My project
[UnityMemory] Configuration Parameters - Can be set up in boot.config
    "memorysetup-bucket-allocator-granularity=16"
    "memorysetup-bucket-allocator-bucket-count=8"
    "memorysetup-bucket-allocator-block-size=33554432"
    "memorysetup-bucket-allocator-block-count=8"
    "memorysetup-main-allocator-block-size=16777216"
    "memorysetup-thread-allocator-block-size=16777216"
    "memorysetup-gfx-main-allocator-block-size=16777216"
    "memorysetup-gfx-thread-allocator-block-size=16777216"
    "memorysetup-cache-allocator-block-size=4194304"
    "memorysetup-typetree-allocator-block-size=2097152"
    "memorysetup-profiler-bucket-allocator-granularity=16"
    "memorysetup-profiler-bucket-allocator-bucket-count=8"
    "memorysetup-profiler-bucket-allocator-block-size=33554432"
    "memorysetup-profiler-bucket-allocator-block-count=8"
    "memorysetup-profiler-allocator-block-size=16777216"
    "memorysetup-profiler-editor-allocator-block-size=1048576"
    "memorysetup-temp-allocator-size-main=16777216"
    "memorysetup-job-temp-allocator-block-size=2097152"
    "memorysetup-job-temp-allocator-block-size-background=1048576"
    "memorysetup-job-temp-allocator-reduction-small-platforms=262144"
    "memorysetup-temp-allocator-size-background-worker=32768"
    "memorysetup-temp-allocator-size-job-worker=262144"
    "memorysetup-temp-allocator-size-preload-manager=33554432"
    "memorysetup-temp-allocator-size-nav-mesh-worker=65536"
    "memorysetup-temp-allocator-size-audio-worker=65536"
    "memorysetup-temp-allocator-size-cloud-worker=32768"
    "memorysetup-temp-allocator-size-gi-baking-worker=262144"
    "memorysetup-temp-allocator-size-gfx=262144"
Refreshing native plugins compatible for Editor in 117.58 ms, found 3 plugins.
Preloading 0 native plugins for Editor in 0.00 ms.
Initialize engine version: 2021.3.7f1 (24e8595d6d43)
[Subsystems] Discovering subsystems at path D:/Programs/Unity/Editor/Data/Resources/UnitySubsystems
[Subsystems] Discovering subsystems at path D:/Programs/Unity/Game/Projects/My project/Assets
GfxDevice: creating device client; threaded=0; jobified=0
Direct3D:
    Version:  Direct3D 11.0 [level 11.1]
    Renderer: AMD Radeon(TM) RX Vega 11 Graphics (ID=0x15d8)
    Vendor:   ATI
    VRAM:     7134 MB
    Driver:   30.0.13014.8
Initialize mono
Mono path[0] = 'D:/Programs/Unity/Editor/Data/Managed'
Mono path[1] = 'D:/Programs/Unity/Editor/Data/MonoBleedingEdge/lib/mono/unityjit-win32'
Mono config path = 'D:/Programs/Unity/Editor/Data/MonoBleedingEdge/etc'
Using monoOptions --debugger-agent=transport=dt_socket,embedding=1,server=y,suspend=n,address=127.0.0.1:56516
Begin MonoManager ReloadAssembly
Registering precompiled unity dll's ...
Register platform support module: D:/Programs/Unity/Editor/Data/PlaybackEngines/AndroidPlayer/UnityEditor.Android.Extensions.dll
Register platform support module: D:/Programs/Unity/Editor/Data/PlaybackEngines/WindowsStandaloneSupport/UnityEditor.WindowsStandalone.Extensions.dll
Registered in 0.003849 seconds.
Native extension for WindowsStandalone target not found
Native extension for Android target not found
Refreshing native plugins compatible for Editor in 113.45 ms, found 3 plugins.
Preloading 0 native plugins for Editor in 0.00 ms.
Mono: successfully reloaded assembly
- Completed reload, in  0.927 seconds
Domain Reload Profiling:
	ReloadAssembly (927ms)
		BeginReloadAssembly (103ms)
			ExecutionOrderSort (0ms)
			DisableScriptedObjects (0ms)
			BackupInstance (0ms)
			ReleaseScriptingObjects (0ms)
			CreateAndSetChildDomain (1ms)
		EndReloadAssembly (699ms)
			LoadAssemblies (101ms)
			RebuildTransferFunctionScriptingTraits (0ms)
			SetupTypeCache (149ms)
			ReleaseScriptCaches (0ms)
			RebuildScriptCaches (44ms)
			SetupLoadedEditorAssemblies (431ms)
				LogAssemblyErrors (0ms)
				InitializePlatformSupportModulesInManaged (70ms)
				SetLoadedEditorAssemblies (0ms)
				RefreshPlugins (114ms)
				BeforeProcessingInitializeOnLoad (2ms)
				ProcessInitializeOnLoadAttributes (173ms)
				ProcessInitializeOnLoadMethodAttributes (72ms)
				AfterProcessingInitializeOnLoad (0ms)
				EditorAssembliesLoaded (0ms)
			ExecutionOrderSort2 (0ms)
			AwakeInstancesAfterBackupRestoration (0ms)
Platform modules already initialized, skipping
Registering precompiled user dll's ...
Registered in 0.007900 seconds.
Begin MonoManager ReloadAssembly
Symbol file LoadedFromMemory doesn't match image D:\Programs\Unity\Game\Projects\My project\Library\PackageCache\com.unity.visualscripting@1.7.8\Editor\VisualScripting.Core\Dependencies\YamlDotNet\Unity.VisualScripting.YamlDotNet.dll
Symbol file LoadedFromMemory doesn't match image D:\Programs\Unity\Game\Projects\My project\Library\PackageCache\com.unity.visualscripting@1.7.8\Editor\VisualScripting.Core\Dependencies\DotNetZip\Unity.VisualScripting.IonicZip.dll
Native extension for WindowsStandalone target not found
Native extension for Android target not found
Refreshing native plugins compatible for Editor in 1.12 ms, found 3 plugins.
Preloading 0 native plugins for Editor in 0.00 ms.
Mono: successfully reloaded assembly
- Completed reload, in  1.578 seconds
Domain Reload Profiling:
	ReloadAssembly (1580ms)
		BeginReloadAssembly (243ms)
			ExecutionOrderSort (0ms)
			DisableScriptedObjects (14ms)
			BackupInstance (0ms)
			ReleaseScriptingObjects (0ms)
			CreateAndSetChildDomain (54ms)
		EndReloadAssembly (1168ms)
			LoadAssemblies (148ms)
			RebuildTransferFunctionScriptingTraits (0ms)
			SetupTypeCache (387ms)
			ReleaseScriptCaches (1ms)
			RebuildScriptCaches (80ms)
			SetupLoadedEditorAssemblies (526ms)
				LogAssemblyErrors (0ms)
				InitializePlatformSupportModulesInManaged (18ms)
				SetLoadedEditorAssemblies (1ms)
				RefreshPlugins (1ms)
				BeforeProcessingInitializeOnLoad (104ms)
				ProcessInitializeOnLoadAttributes (356ms)
				ProcessInitializeOnLoadMethodAttributes (42ms)
				AfterProcessingInitializeOnLoad (5ms)
				EditorAssembliesLoaded (0ms)
			ExecutionOrderSort2 (0ms)
			AwakeInstancesAfterBackupRestoration (9ms)
Platform modules already initialized, skipping
========================================================================
Worker process is ready to serve import requests
Launched and connected shader compiler UnityShaderCompiler.exe after 0.12 seconds
Refreshing native plugins compatible for Editor in 1.09 ms, found 3 plugins.
Preloading 0 native plugins for Editor in 0.00 ms.
Unloading 3510 Unused Serialized files (Serialized files now loaded: 0)
Unloading 29 unused Assets / (462.2 KB). Loaded Objects now: 3990.
Memory consumption went from 141.3 MB to 140.8 MB.
Total: 4.504200 ms (FindLiveObjects: 0.402100 ms CreateObjectMapping: 0.097900 ms MarkObjects: 3.680800 ms  DeleteObjects: 0.321900 ms)

AssetImportParameters requested are different than current active one (requested -> active):
  custom:video-decoder-ogg-theora: a1e56fd34408186e4bbccfd4996cb3dc -> 
  custom:container-muxer-webm: aa71ff27fc2769a1b78a27578f13a17b -> 
  custom:container-demuxer-webm: 4f35f7cbe854078d1ac9338744f61a02 -> 
  custom:video-encoder-webm-vp8: eb34c28f22e8b96e1ab97ce403110664 -> 
  custom:audio-encoder-webm-vorbis: bf7c407c2cedff20999df2af8eb42d56 -> 
  custom:framework-win-MediaFoundation: 216162199b28c13a410421893ffa2e32 -> 
  custom:container-demuxer-ogg: 62fdf1f143b41e24485cea50d1cbac27 -> 
  custom:video-decoder-webm-vp8: 9c59270c3fd7afecdb556c50c9e8de78 -> 
  custom:audio-decoder-ogg-vorbis: bf7c407c2cedff20999df2af8eb42d56 -> 
========================================================================
Received Import Request.
  Time since last request: 158175.763705 seconds.
  path: Assets/Art/Tools/Objects/3 blocks/ledder1.obj
  artifactKey: Guid(7fe1fa7cc4b59564a8926ddc6aab3f13) Importer(815301076,1909f56bfc062723c751e8b465ee728b)
Start importing Assets/Art/Tools/Objects/3 blocks/ledder1.obj using Guid(7fe1fa7cc4b59564a8926ddc6aab3f13) Importer(815301076,1909f56bfc062723c751e8b465ee728b)  -> (artifact id: 'e1d902fd8ebf48094d8f33b92cf3c5af') in 0.714436 seconds 
========================================================================
Received Import Request.
  Time since last request: 0.000036 seconds.
  path: Assets/Art/Tools/Objects/3 blocks/island2.obj
  artifactKey: Guid(5374660b3229cb74180d62fc653cddaa) Importer(815301076,1909f56bfc062723c751e8b465ee728b)
Start importing Assets/Art/Tools/Objects/3 blocks/island2.obj using Guid(5374660b3229cb74180d62fc653cddaa) Importer(815301076,1909f56bfc062723c751e8b465ee728b)  -> (artifact id: '20b5ecbd492d136c1fe2aef6a54d9b3c') in 0.064625 seconds 
========================================================================
Received Import Request.
  Time since last request: 0.000037 seconds.
  path: Assets/Art/Tools/Objects/3 blocks/ledder.obj
  artifactKey: Guid(bb5105fa2d0ead942bdb308b8758c4fc) Importer(815301076,1909f56bfc062723c751e8b465ee728b)
Start importing Assets/Art/Tools/Objects/3 blocks/ledder.obj using Guid(bb5105fa2d0ead942bdb308b8758c4fc) Importer(815301076,1909f56bfc062723c751e8b465ee728b)  -> (artifact id: '996c2a05c8eb49aa22fabb5cd470a27c') in 0.062043 seconds 
========================================================================
Received Import Request.
  Time since last request: 0.000030 seconds.
  path: Assets/Art/Tools/Objects/3 blocks/island.obj
  artifactKey: Guid(9355da9bbdd922d4ba856ae3db3f86b4) Importer(815301076,1909f56bfc062723c751e8b465ee728b)
Start importing Assets/Art/Tools/Objects/3 blocks/island.obj using Guid(9355da9bbdd922d4ba856ae3db3f86b4) Importer(815301076,1909f56bfc062723c751e8b465ee728b)  -> (artifact id: 'c1d8bcc32d8f64a48ec336f6d8947d63') in 0.052152 seconds 
========================================================================
Received Import Request.
  Time since last request: 6.666956 seconds.
  path: Assets/Art/Tools/Prefabs/chest.prefab
  artifactKey: Guid(3df69d006b98dfb4497d8a1970316256) Importer(815301076,1909f56bfc062723c751e8b465ee728b)
Start importing Assets/Art/Tools/Prefabs/chest.prefab using Guid(3df69d006b98dfb4497d8a1970316256) Importer(815301076,1909f56bfc062723c751e8b465ee728b)  -> (artifact id: 'd03be757bdfdb4ba5dc4e0bd11405e91') in 0.286757 seconds 
========================================================================
Received Import Request.
  Time since last request: 0.000032 seconds.
  path: Assets/Art/Tools/Prefabs/island2.prefab
  artifactKey: Guid(6886154b5bf182f4589fed365c7adc42) Importer(815301076,1909f56bfc062723c751e8b465ee728b)
Start importing Assets/Art/Tools/Prefabs/island2.prefab using Guid(6886154b5bf182f4589fed365c7adc42) Importer(815301076,1909f56bfc062723c751e8b465ee728b)  -> (artifact id: '29a9ded3c993443bf0819c9791f80b05') in 0.066191 seconds 
========================================================================
Received Import Request.
  Time since last request: 0.000058 seconds.
  path: Assets/Art/Tools/Prefabs/island.prefab
  artifactKey: Guid(4cdf2498dcc4869449bd09e1a2d6c104) Importer(815301076,1909f56bfc062723c751e8b465ee728b)
Start importing Assets/Art/Tools/Prefabs/island.prefab using Guid(4cdf2498dcc4869449bd09e1a2d6c104) Importer(815301076,1909f56bfc062723c751e8b465ee728b)  -> (artifact id: '313d6edbf54eb4cf1c469a74e1286bd8') in 0.019987 seconds 
========================================================================
Received Import Request.
  Time since last request: 0.000028 seconds.
  path: Assets/Art/Tools/Prefabs/port.prefab
  artifactKey: Guid(9d04e02ee11bfe448bd6fc95c57f7df6) Importer(815301076,1909f56bfc062723c751e8b465ee728b)
Start importing Assets/Art/Tools/Prefabs/port.prefab using Guid(9d04e02ee11bfe448bd6fc95c57f7df6) Importer(815301076,1909f56bfc062723c751e8b465ee728b)  -> (artifact id: '27cb1a3d61baf49ba509071250f16b98') in 0.038431 seconds 
========================================================================
Received Import Request.
  Time since last request: 0.000028 seconds.
  path: Assets/Art/Tools/Prefabs/slime.prefab
  artifactKey: Guid(2cc1e1bc0d5b74c49ba7eaf6aa94fc37) Importer(815301076,1909f56bfc062723c751e8b465ee728b)
Start importing Assets/Art/Tools/Prefabs/slime.prefab using Guid(2cc1e1bc0d5b74c49ba7eaf6aa94fc37) Importer(815301076,1909f56bfc062723c751e8b465ee728b)  -> (artifact id: '5093833e8a267849828b6de1328ffc7d') in 0.051809 seconds 
========================================================================
Received Import Request.
  Time since last request: 0.000036 seconds.
  path: Assets/Art/Tools/Prefabs/island1 (1).prefab
  artifactKey: Guid(7ecccbcc941a59c4db4914de2b6e71c2) Importer(815301076,1909f56bfc062723c751e8b465ee728b)
Start importing Assets/Art/Tools/Prefabs/island1 (1).prefab using Guid(7ecccbcc941a59c4db4914de2b6e71c2) Importer(815301076,1909f56bfc062723c751e8b465ee728b)  -> (artifact id: 'a8d8f29ff029c6d53f0aa5ef38b41c4a') in 0.029233 seconds 
